Building DAG of jobs...
Using shell: /usr/bin/bash
Provided cores: 1 (use --cores to define parallelism)
Rules claiming more threads will be scaled down.
Job stats:
job        count
-------  -------
all            1
fastqc        16
multiqc        1
total         18

Select jobs to execute...

[Tue Feb 27 18:54:42 2024]
rule fastqc:
    input: samples/full_files/P0rep2_R1.fastq.gz
    output: results/P0rep2_R1_fastqc.html
    jobid: 8
    reason: Missing output files: results/P0rep2_R1_fastqc.html
    wildcards: sample=P0rep, rep=2, number=1
    resources: tmpdir=/scratch

[Tue Feb 27 18:56:11 2024]
Finished job 8.
1 of 18 steps (6%) done
Select jobs to execute...

[Tue Feb 27 18:56:11 2024]
rule fastqc:
    input: samples/full_files/P0rep2_R2.fastq.gz
    output: results/P0rep2_R2_fastqc.html
    jobid: 9
    reason: Missing output files: results/P0rep2_R2_fastqc.html
    wildcards: sample=P0rep, rep=2, number=2
    resources: tmpdir=/scratch

[Tue Feb 27 18:57:20 2024]
Finished job 9.
2 of 18 steps (11%) done
Select jobs to execute...

[Tue Feb 27 18:57:20 2024]
rule fastqc:
    input: samples/full_files/P4rep2_R1.fastq.gz
    output: results/P4rep2_R1_fastqc.html
    jobid: 12
    reason: Missing output files: results/P4rep2_R1_fastqc.html
    wildcards: sample=P4rep, rep=2, number=1
    resources: tmpdir=/scratch

[Tue Feb 27 18:58:22 2024]
Finished job 12.
3 of 18 steps (17%) done
Select jobs to execute...

[Tue Feb 27 18:58:22 2024]
rule fastqc:
    input: samples/full_files/P7rep2_R2.fastq.gz
    output: results/P7rep2_R2_fastqc.html
    jobid: 17
    reason: Missing output files: results/P7rep2_R2_fastqc.html
    wildcards: sample=P7rep, rep=2, number=2
    resources: tmpdir=/scratch

[Tue Feb 27 18:59:06 2024]
Finished job 17.
4 of 18 steps (22%) done
Select jobs to execute...

[Tue Feb 27 18:59:06 2024]
rule fastqc:
    input: samples/full_files/ADrep1_R1.fastq.gz
    output: results/ADrep1_R1_fastqc.html
    jobid: 2
    reason: Missing output files: results/ADrep1_R1_fastqc.html
    wildcards: sample=ADrep, rep=1, number=1
    resources: tmpdir=/scratch

[Tue Feb 27 19:00:08 2024]
Finished job 2.
5 of 18 steps (28%) done
Select jobs to execute...

[Tue Feb 27 19:00:08 2024]
rule fastqc:
    input: samples/full_files/P7rep1_R1.fastq.gz
    output: results/P7rep1_R1_fastqc.html
    jobid: 14
    reason: Missing output files: results/P7rep1_R1_fastqc.html
    wildcards: sample=P7rep, rep=1, number=1
    resources: tmpdir=/scratch

[Tue Feb 27 19:00:50 2024]
Finished job 14.
6 of 18 steps (33%) done
Select jobs to execute...

[Tue Feb 27 19:00:50 2024]
rule fastqc:
    input: samples/full_files/ADrep1_R2.fastq.gz
    output: results/ADrep1_R2_fastqc.html
    jobid: 3
    reason: Missing output files: results/ADrep1_R2_fastqc.html
    wildcards: sample=ADrep, rep=1, number=2
    resources: tmpdir=/scratch

[Tue Feb 27 19:01:55 2024]
Finished job 3.
7 of 18 steps (39%) done
Select jobs to execute...

[Tue Feb 27 19:01:55 2024]
rule fastqc:
    input: samples/full_files/P4rep2_R2.fastq.gz
    output: results/P4rep2_R2_fastqc.html
    jobid: 13
    reason: Missing output files: results/P4rep2_R2_fastqc.html
    wildcards: sample=P4rep, rep=2, number=2
    resources: tmpdir=/scratch

[Tue Feb 27 19:02:58 2024]
Finished job 13.
8 of 18 steps (44%) done
Select jobs to execute...

[Tue Feb 27 19:02:59 2024]
rule fastqc:
    input: samples/full_files/P7rep1_R2.fastq.gz
    output: results/P7rep1_R2_fastqc.html
    jobid: 15
    reason: Missing output files: results/P7rep1_R2_fastqc.html
    wildcards: sample=P7rep, rep=1, number=2
    resources: tmpdir=/scratch

[Tue Feb 27 19:03:44 2024]
Finished job 15.
9 of 18 steps (50%) done
Select jobs to execute...

[Tue Feb 27 19:03:44 2024]
rule fastqc:
    input: samples/full_files/ADrep2_R1.fastq.gz
    output: results/ADrep2_R1_fastqc.html
    jobid: 4
    reason: Missing output files: results/ADrep2_R1_fastqc.html
    wildcards: sample=ADrep, rep=2, number=1
    resources: tmpdir=/scratch

[Tue Feb 27 19:04:41 2024]
Finished job 4.
10 of 18 steps (56%) done
Select jobs to execute...

[Tue Feb 27 19:04:41 2024]
rule fastqc:
    input: samples/full_files/P4rep1_R2.fastq.gz
    output: results/P4rep1_R2_fastqc.html
    jobid: 11
    reason: Missing output files: results/P4rep1_R2_fastqc.html
    wildcards: sample=P4rep, rep=1, number=2
    resources: tmpdir=/scratch

[Tue Feb 27 19:05:39 2024]
Finished job 11.
11 of 18 steps (61%) done
Select jobs to execute...

[Tue Feb 27 19:05:39 2024]
rule fastqc:
    input: samples/full_files/P0rep1_R2.fastq.gz
    output: results/P0rep1_R2_fastqc.html
    jobid: 7
    reason: Missing output files: results/P0rep1_R2_fastqc.html
    wildcards: sample=P0rep, rep=1, number=2
    resources: tmpdir=/scratch

[Tue Feb 27 19:06:39 2024]
Finished job 7.
12 of 18 steps (67%) done
Select jobs to execute...

[Tue Feb 27 19:06:39 2024]
rule fastqc:
    input: samples/full_files/P4rep1_R1.fastq.gz
    output: results/P4rep1_R1_fastqc.html
    jobid: 10
    reason: Missing output files: results/P4rep1_R1_fastqc.html
    wildcards: sample=P4rep, rep=1, number=1
    resources: tmpdir=/scratch

[Tue Feb 27 19:07:33 2024]
Finished job 10.
13 of 18 steps (72%) done
Select jobs to execute...

[Tue Feb 27 19:07:33 2024]
rule fastqc:
    input: samples/full_files/P7rep2_R1.fastq.gz
    output: results/P7rep2_R1_fastqc.html
    jobid: 16
    reason: Missing output files: results/P7rep2_R1_fastqc.html
    wildcards: sample=P7rep, rep=2, number=1
    resources: tmpdir=/scratch

[Tue Feb 27 19:08:23 2024]
Finished job 16.
14 of 18 steps (78%) done
Select jobs to execute...

[Tue Feb 27 19:08:23 2024]
rule fastqc:
    input: samples/full_files/P0rep1_R1.fastq.gz
    output: results/P0rep1_R1_fastqc.html
    jobid: 6
    reason: Missing output files: results/P0rep1_R1_fastqc.html
    wildcards: sample=P0rep, rep=1, number=1
    resources: tmpdir=/scratch

[Tue Feb 27 19:09:18 2024]
Finished job 6.
15 of 18 steps (83%) done
Select jobs to execute...

[Tue Feb 27 19:09:18 2024]
rule fastqc:
    input: samples/full_files/ADrep2_R2.fastq.gz
    output: results/ADrep2_R2_fastqc.html
    jobid: 5
    reason: Missing output files: results/ADrep2_R2_fastqc.html
    wildcards: sample=ADrep, rep=2, number=2
    resources: tmpdir=/scratch

[Tue Feb 27 19:10:16 2024]
Finished job 5.
16 of 18 steps (89%) done
Select jobs to execute...

[Tue Feb 27 19:10:16 2024]
rule multiqc:
    input: results/ADrep1_R1_fastqc.html, results/ADrep1_R2_fastqc.html, results/ADrep2_R1_fastqc.html, results/ADrep2_R2_fastqc.html, results/P0rep1_R1_fastqc.html, results/P0rep1_R2_fastqc.html, results/P0rep2_R1_fastqc.html, results/P0rep2_R2_fastqc.html, results/P4rep1_R1_fastqc.html, results/P4rep1_R2_fastqc.html, results/P4rep2_R1_fastqc.html, results/P4rep2_R2_fastqc.html, results/P7rep1_R1_fastqc.html, results/P7rep1_R2_fastqc.html, results/P7rep2_R1_fastqc.html, results/P7rep2_R2_fastqc.html
    output: results/multiqc_report.html
    jobid: 1
    reason: Missing output files: results/multiqc_report.html; Input files updated by another job: results/P7rep1_R2_fastqc.html, results/ADrep1_R1_fastqc.html, results/P7rep1_R1_fastqc.html, results/P7rep2_R1_fastqc.html, results/ADrep2_R2_fastqc.html, results/P4rep1_R1_fastqc.html, results/ADrep1_R2_fastqc.html, results/P4rep2_R2_fastqc.html, results/P0rep2_R1_fastqc.html, results/P0rep1_R2_fastqc.html, results/P7rep2_R2_fastqc.html, results/ADrep2_R1_fastqc.html, results/P4rep2_R1_fastqc.html, results/P0rep1_R1_fastqc.html, results/P0rep2_R2_fastqc.html, results/P4rep1_R2_fastqc.html
    resources: tmpdir=/scratch

[Tue Feb 27 19:10:42 2024]
Finished job 1.
17 of 18 steps (94%) done
Select jobs to execute...

[Tue Feb 27 19:10:42 2024]
localrule all:
    input: results/multiqc_report.html
    jobid: 0
    reason: Input files updated by another job: results/multiqc_report.html
    resources: tmpdir=/scratch

[Tue Feb 27 19:10:42 2024]
Finished job 0.
18 of 18 steps (100%) done
Complete log: .snakemake/log/2024-02-27T185440.443832.snakemake.log
