Building DAG of jobs...
Using shell: /usr/bin/bash
Provided cores: 8
Rules claiming more threads will be scaled down.
Job stats:
job                  count
-----------------  -------
all                      1
get_m39                  1
get_m39_gtf              1
samtools_flagstat       16
star                    16
total                   35

Select jobs to execute...
Execute 1 jobs...

[Tue Feb 27 21:06:56 2024]
localrule star:
    input: samples/full_files/P0rep1_R1.fastq.gz, results/m39_star
    output: results/P0rep1_R1Aligned.out.bam
    jobid: 5
    reason: Missing output files: results/P0rep1_R1Aligned.out.bam
    wildcards: sample=P0rep, rep=1, number=1
    threads: 8
    resources: tmpdir=/scratch

[Tue Feb 27 21:06:56 2024]
Error in rule star:
    jobid: 5
    input: samples/full_files/P0rep1_R1.fastq.gz, results/m39_star
    output: results/P0rep1_R1Aligned.out.bam
    shell:
        
        STAR --runThreadN 8              --genomeDir results/m39_star/              --readFilesCommand zcat              --readFilesIn samples/full_files/P0rep1_R1.fastq.gz              --outSAMtype BAM Unsorted              --outFileNamePrefix results//P0rep1subsample_R1
        
        (one of the commands exited with non-zero exit code; note that snakemake uses bash strict mode!)

Shutting down, this might take some time.
Exiting because a job execution failed. Look above for error message
Complete log: .snakemake/log/2024-02-27T210656.478395.snakemake.log
WorkflowError:
At least one job did not complete successfully.
