Building DAG of jobs...
Using shell: /usr/bin/bash
Provided cores: 8
Rules claiming more threads will be scaled down.
Job stats:
job        count
-------  -------
all            1
fastqc        16
multiqc        1
total         18

Select jobs to execute...
Execute 8 jobs...

[Tue Feb 27 20:22:49 2024]
localrule fastqc:
    input: samples/full_files/ADrep2_R2.fastq.gz
    output: results/ADrep2_R2_fastqc.html
    jobid: 5
    reason: Code has changed since last execution
    wildcards: sample=ADrep, rep=2, number=2
    resources: tmpdir=/scratch


[Tue Feb 27 20:22:49 2024]
localrule fastqc:
    input: samples/full_files/ADrep2_R1.fastq.gz
    output: results/ADrep2_R1_fastqc.html
    jobid: 4
    reason: Code has changed since last execution
    wildcards: sample=ADrep, rep=2, number=1
    resources: tmpdir=/scratch


[Tue Feb 27 20:22:49 2024]
localrule fastqc:
    input: samples/full_files/P0rep2_R1.fastq.gz
    output: results/P0rep2_R1_fastqc.html
    jobid: 8
    reason: Code has changed since last execution
    wildcards: sample=P0rep, rep=2, number=1
    resources: tmpdir=/scratch


[Tue Feb 27 20:22:49 2024]
localrule fastqc:
    input: samples/full_files/P4rep1_R1.fastq.gz
    output: results/P4rep1_R1_fastqc.html
    jobid: 10
    reason: Code has changed since last execution
    wildcards: sample=P4rep, rep=1, number=1
    resources: tmpdir=/scratch

[Tue Feb 27 20:22:49 2024]
Error in rule fastqc:
    jobid: 5
    input: samples/full_files/ADrep2_R2.fastq.gz
    output: results/ADrep2_R2_fastqc.html
    shell:
        fastqc samples/full_files/ADrep2_R2.fastq.gz -o results/
		
        (one of the commands exited with non-zero exit code; note that snakemake uses bash strict mode!)


[Tue Feb 27 20:22:49 2024]
localrule fastqc:
    input: samples/full_files/P0rep1_R1.fastq.gz
    output: results/P0rep1_R1_fastqc.html
    jobid: 6
    reason: Code has changed since last execution
    wildcards: sample=P0rep, rep=1, number=1
    resources: tmpdir=/scratch

[Tue Feb 27 20:22:49 2024]
Error in rule fastqc:
    jobid: 4
    input: samples/full_files/ADrep2_R1.fastq.gz
    output: results/ADrep2_R1_fastqc.html
    shell:
        fastqc samples/full_files/ADrep2_R1.fastq.gz -o results/
		
        (one of the commands exited with non-zero exit code; note that snakemake uses bash strict mode!)


[Tue Feb 27 20:22:49 2024]
localrule fastqc:
    input: samples/full_files/P4rep2_R1.fastq.gz
    output: results/P4rep2_R1_fastqc.html
    jobid: 12
    reason: Code has changed since last execution
    wildcards: sample=P4rep, rep=2, number=1
    resources: tmpdir=/scratch

[Tue Feb 27 20:22:49 2024]
Error in rule fastqc:
    jobid: 8
    input: samples/full_files/P0rep2_R1.fastq.gz
    output: results/P0rep2_R1_fastqc.html
    shell:
        fastqc samples/full_files/P0rep2_R1.fastq.gz -o results/
		
        (one of the commands exited with non-zero exit code; note that snakemake uses bash strict mode!)


[Tue Feb 27 20:22:49 2024]
localrule fastqc:
    input: samples/full_files/P7rep1_R1.fastq.gz
    output: results/P7rep1_R1_fastqc.html
    jobid: 14
    reason: Code has changed since last execution
    wildcards: sample=P7rep, rep=1, number=1
    resources: tmpdir=/scratch

[Tue Feb 27 20:22:49 2024]
Error in rule fastqc:
    jobid: 10
    input: samples/full_files/P4rep1_R1.fastq.gz
    output: results/P4rep1_R1_fastqc.html
    shell:
        fastqc samples/full_files/P4rep1_R1.fastq.gz -o results/
		
        (one of the commands exited with non-zero exit code; note that snakemake uses bash strict mode!)


[Tue Feb 27 20:22:49 2024]
localrule fastqc:
    input: samples/full_files/P7rep2_R1.fastq.gz
    output: results/P7rep2_R1_fastqc.html
    jobid: 16
    reason: Code has changed since last execution
    wildcards: sample=P7rep, rep=2, number=1
    resources: tmpdir=/scratch

[Tue Feb 27 20:22:49 2024]
Error in rule fastqc:
    jobid: 6
    input: samples/full_files/P0rep1_R1.fastq.gz
    output: results/P0rep1_R1_fastqc.html
    shell:
        fastqc samples/full_files/P0rep1_R1.fastq.gz -o results/
		
        (one of the commands exited with non-zero exit code; note that snakemake uses bash strict mode!)

[Tue Feb 27 20:22:49 2024]
Error in rule fastqc:
    jobid: 12
    input: samples/full_files/P4rep2_R1.fastq.gz
    output: results/P4rep2_R1_fastqc.html
    shell:
        fastqc samples/full_files/P4rep2_R1.fastq.gz -o results/
		
        (one of the commands exited with non-zero exit code; note that snakemake uses bash strict mode!)

[Tue Feb 27 20:22:49 2024]
Error in rule fastqc:
    jobid: 14
    input: samples/full_files/P7rep1_R1.fastq.gz
    output: results/P7rep1_R1_fastqc.html
    shell:
        fastqc samples/full_files/P7rep1_R1.fastq.gz -o results/
		
        (one of the commands exited with non-zero exit code; note that snakemake uses bash strict mode!)

[Tue Feb 27 20:22:49 2024]
Error in rule fastqc:
    jobid: 16
    input: samples/full_files/P7rep2_R1.fastq.gz
    output: results/P7rep2_R1_fastqc.html
    shell:
        fastqc samples/full_files/P7rep2_R1.fastq.gz -o results/
		
        (one of the commands exited with non-zero exit code; note that snakemake uses bash strict mode!)

Shutting down, this might take some time.
Exiting because a job execution failed. Look above for error message
Complete log: .snakemake/log/2024-02-27T202247.351237.snakemake.log
WorkflowError:
At least one job did not complete successfully.
